2015-05-12 22:13:10,282 [main] INFO  com.saf.global.Logfile - Log4JExample - leaving the constructor ...<BR>
2015-05-12 22:13:10,452 [main] INFO  com.saf.global.Logfile - <b>Step: Invoke</b>,
2015-05-12 22:13:10,455 [main] INFO  com.saf.global.Logfile - >        Step--1:under initialize --- firefox,
2015-05-12 22:13:11,208 [main] INFO  com.saf.global.Logfile - browserClose
2015-05-12 22:13:11,236 [main] INFO  com.saf.global.Logfile - >        Step-0:
 Total Execution Time: 0 minutes,
2015-05-12 22:14:13,369 [main] INFO  com.saf.global.Logfile - Log4JExample - leaving the constructor ...<BR>
2015-05-12 22:14:13,529 [main] INFO  com.saf.global.Logfile - <b>Step: Invoke</b>,
2015-05-12 22:14:13,529 [main] INFO  com.saf.global.Logfile - >        Step--1:under initialize --- firefox,
2015-05-12 22:14:59,269 [main] INFO  com.saf.global.Logfile - browserClose
2015-05-12 22:14:59,292 [main] INFO  com.saf.global.Logfile - >        Step-0:
 Total Execution Time: 0 minutes,
2015-05-12 22:16:15,890 [main] INFO  com.saf.global.Logfile - Log4JExample - leaving the constructor ...<BR>
2015-05-12 22:16:16,040 [main] INFO  com.saf.global.Logfile - <b>Step: Invoke</b>,
2015-05-12 22:16:16,040 [main] INFO  com.saf.global.Logfile - >        Step--1:under initialize --- firefox,
2015-05-12 22:17:09,715 [main] INFO  com.saf.global.Logfile - browserClose
2015-05-12 22:17:09,736 [main] INFO  com.saf.global.Logfile - >        Step-0:
 Total Execution Time: 0 minutes,
2015-05-12 22:19:08,753 [main] INFO  com.saf.global.Logfile - Log4JExample - leaving the constructor ...<BR>
2015-05-12 22:19:08,900 [main] INFO  com.saf.global.Logfile - <b>Step: Invoke</b>,
2015-05-12 22:19:08,900 [main] INFO  com.saf.global.Logfile - >        Step--1:under initialize --- firefox,
2015-05-12 22:19:24,178 [main] INFO  com.saf.global.Logfile - >        Step-0:Open Url: <a href="http://www.google.com/" target=_blank>http://www.google.com/</a>,
2015-05-12 22:19:33,991 [main] INFO  com.saf.global.Logfile - firefox Browser has been Initialized
2015-05-12 22:19:33,994 [main] INFO  com.saf.global.Logfile - <b>Step: Test Google Search</b>,
2015-05-12 22:19:33,994 [main] INFO  com.saf.global.Logfile - >        Step-1:Open Url: <a href="http://www.google.com/" target=_blank>http://www.google.com/</a>,
2015-05-12 22:19:39,479 [main] INFO  com.saf.global.Logfile - <b>Step: Search</b>,
2015-05-12 22:19:39,479 [main] INFO  com.saf.global.Logfile - >        Step-2:Type "selenium" in "name=q",
2015-05-12 22:19:40,166 [main] INFO  com.saf.global.Logfile - >        Step-3:Click "name=btnG",
2015-05-12 22:19:42,373 [main] INFO  com.saf.global.Logfile - <b>Step: Verify Search Results</b>,
2015-05-12 22:19:42,373 [main] INFO  com.saf.global.Logfile - >        Step-4:GetText from Element: "//h3/a", Selenium - Web Browser Automation,
2015-05-12 22:19:43,263 [main] INFO  com.saf.global.Logfile - >        Step-5:First Result :Selenium - Web Browser Automation <a href="file:/test//screenshots/Snapshot_201505122219423731firefox.png" target=_blank>Snapshot</a> <a href="file:/test//screenshots/Snapshot_201505122219423731firefox.html" target=_blank>html</a>,
2015-05-12 22:19:43,466 [main] INFO  com.saf.global.Logfile - >        Step-6:Text : "Web Browser Automation" present,
2015-05-12 22:19:45,163 [main] INFO  com.saf.global.Logfile - >        Step-7:Retrying method: verifySearchResults, Retry Attempt:1 <a href="file:/test//screenshots/Snapshot_201505122219445392firefox.png" target=_blank>Snapshot</a> <a href="file:/test//screenshots/Snapshot_201505122219445392firefox.html" target=_blank>html</a>,
2015-05-12 22:19:45,397 [main] INFO  com.saf.global.Logfile - >        Step-8:GetText from Element: "//h3/a", Selenium - Web Browser Automation,
2015-05-12 22:19:46,088 [main] INFO  com.saf.global.Logfile - >        Step-9:First Result :Selenium - Web Browser Automation <a href="file:/test//screenshots/Snapshot_201505122219454123firefox.png" target=_blank>Snapshot</a> <a href="file:/test//screenshots/Snapshot_201505122219454123firefox.html" target=_blank>html</a>,
2015-05-12 22:19:48,952 [main] INFO  com.saf.global.Logfile - >        Step-10:Text : "Web Browser Automation" present,
2015-05-12 22:19:50,634 [main] INFO  com.saf.global.Logfile - >        Step-11:Retrying method: verifySearchResults, Retry Attempt:2 <a href="file:/test//screenshots/Snapshot_201505122219500144firefox.png" target=_blank>Snapshot</a> <a href="file:/test//screenshots/Snapshot_201505122219500144firefox.html" target=_blank>html</a>,
2015-05-12 22:19:50,854 [main] INFO  com.saf.global.Logfile - >        Step-12:GetText from Element: "//h3/a", Selenium - Web Browser Automation,
2015-05-12 22:19:51,437 [main] INFO  com.saf.global.Logfile - >        Step-13:First Result :Selenium - Web Browser Automation <a href="file:/test//screenshots/Snapshot_201505122219508545firefox.png" target=_blank>Snapshot</a> <a href="file:/test//screenshots/Snapshot_201505122219508545firefox.html" target=_blank>html</a>,
2015-05-12 22:19:51,593 [main] INFO  com.saf.global.Logfile - >        Step-14:Text : "Web Browser Automation" present,
2015-05-12 22:19:56,604 [main] INFO  com.saf.global.Logfile - <b>Step: Test Google Search</b>,
2015-05-12 22:19:56,604 [main] INFO  com.saf.global.Logfile - >        Step-15:Pause: 5 secs,
2015-05-12 22:19:56,604 [main] INFO  com.saf.global.Logfile - browserClose
2015-05-12 22:19:56,917 [main] INFO  com.saf.global.Logfile - <b>Step: Invoke</b>,
2015-05-12 22:19:56,917 [main] INFO  com.saf.global.Logfile - >        Step-16:
 Total Execution Time: 0 minutes,
2015-05-12 22:59:14,973 [main] INFO  com.saf.global.Logfile - Log4JExample - leaving the constructor ...<BR>
2015-05-12 22:59:15,129 [main] INFO  com.saf.global.Logfile - <b>Step: Invoke</b>,
2015-05-12 22:59:15,129 [main] INFO  com.saf.global.Logfile - >        Step--1:under initialize --- firefox,
2015-05-12 22:59:27,632 [main] INFO  com.saf.global.Logfile - >        Step-0:Open Url: <a href="http://www.google.com/" target=_blank>http://www.google.com/</a>,
2015-05-12 22:59:37,144 [main] INFO  com.saf.global.Logfile - firefox Browser has been Initialized
2015-05-12 22:59:37,144 [main] INFO  com.saf.global.Logfile - <b>Step: Test Google Search</b>,
2015-05-12 22:59:37,144 [main] INFO  com.saf.global.Logfile - >        Step-1:Open Url: <a href="http://www.google.com/" target=_blank>http://www.google.com/</a>,
2015-05-12 22:59:41,480 [main] INFO  com.saf.global.Logfile - <b>Step: Search</b>,
2015-05-12 22:59:41,480 [main] INFO  com.saf.global.Logfile - >        Step-2:Type "selenium" in "name=q",
2015-05-12 22:59:42,135 [main] INFO  com.saf.global.Logfile - >        Step-3:Click "name=btnG",
2015-05-12 22:59:44,345 [main] INFO  com.saf.global.Logfile - <b>Step: Verify Search Results</b>,
2015-05-12 22:59:44,345 [main] INFO  com.saf.global.Logfile - >        Step-4:GetText from Element: "//h3/a", Selenium - Web Browser Automation,
2015-05-12 22:59:45,182 [main] INFO  com.saf.global.Logfile - >        Step-5:First Result :Selenium - Web Browser Automation <a href="file:/test//screenshots/Snapshot_201505122259443451firefox.png" target=_blank>Snapshot</a> <a href="file:/test//screenshots/Snapshot_201505122259443451firefox.html" target=_blank>html</a>,
2015-05-12 22:59:45,338 [main] INFO  com.saf.global.Logfile - >        Step-6:Text : "Web Browser Automation" present,
2015-05-12 22:59:46,983 [main] INFO  com.saf.global.Logfile - >        Step-7:Retrying method: verifySearchResults, Retry Attempt:1 <a href="file:/test//screenshots/Snapshot_201505122259463942firefox.png" target=_blank>Snapshot</a> <a href="file:/test//screenshots/Snapshot_201505122259463942firefox.html" target=_blank>html</a>,
2015-05-12 22:59:47,218 [main] INFO  com.saf.global.Logfile - >        Step-8:GetText from Element: "//h3/a", Selenium - Web Browser Automation,
2015-05-12 22:59:47,862 [main] INFO  com.saf.global.Logfile - >        Step-9:First Result :Selenium - Web Browser Automation <a href="file:/test//screenshots/Snapshot_201505122259472333firefox.png" target=_blank>Snapshot</a> <a href="file:/test//screenshots/Snapshot_201505122259472333firefox.html" target=_blank>html</a>,
2015-05-12 22:59:48,027 [main] INFO  com.saf.global.Logfile - >        Step-10:Text : "Web Browser Automation" present,
2015-05-12 22:59:49,641 [main] INFO  com.saf.global.Logfile - >        Step-11:Retrying method: verifySearchResults, Retry Attempt:2 <a href="file:/test//screenshots/Snapshot_201505122259490844firefox.png" target=_blank>Snapshot</a> <a href="file:/test//screenshots/Snapshot_201505122259490844firefox.html" target=_blank>html</a>,
2015-05-12 22:59:49,876 [main] INFO  com.saf.global.Logfile - >        Step-12:GetText from Element: "//h3/a", Selenium - Web Browser Automation,
2015-05-12 22:59:50,500 [main] INFO  com.saf.global.Logfile - >        Step-13:First Result :Selenium - Web Browser Automation <a href="file:/test//screenshots/Snapshot_201505122259498765firefox.png" target=_blank>Snapshot</a> <a href="file:/test//screenshots/Snapshot_201505122259498765firefox.html" target=_blank>html</a>,
2015-05-12 22:59:50,656 [main] INFO  com.saf.global.Logfile - >        Step-14:Text : "Web Browser Automation" present,
2015-05-12 22:59:55,671 [main] INFO  com.saf.global.Logfile - <b>Step: Test Google Search</b>,
2015-05-12 22:59:55,671 [main] INFO  com.saf.global.Logfile - >        Step-15:Pause: 5 secs,
2015-05-12 22:59:55,671 [main] INFO  com.saf.global.Logfile - browserClose
2015-05-12 22:59:55,937 [main] INFO  com.saf.global.Logfile - <b>Step: Invoke</b>,
2015-05-12 22:59:55,937 [main] INFO  com.saf.global.Logfile - >        Step-16:
 Total Execution Time: 0 minutes,
2015-05-13 10:37:55,162 [main] INFO  com.saf.global.Logfile - Log4JExample - leaving the constructor ...<BR>
2015-05-13 10:37:55,312 [main] INFO  com.saf.global.Logfile - <b>Step: Invoke</b>,
2015-05-13 10:37:55,312 [main] INFO  com.saf.global.Logfile - >        Step--1:under initialize --- firefox,
2015-05-13 10:38:17,136 [main] INFO  com.saf.global.Logfile - browserClose
2015-05-13 10:38:17,184 [main] INFO  com.saf.global.Logfile - >        Step-0:
 Total Execution Time: 0 minutes,
2015-05-13 10:41:26,127 [main] INFO  com.saf.global.Logfile - Log4JExample - leaving the constructor ...<BR>
2015-05-13 10:41:26,359 [main] INFO  com.saf.global.Logfile - <b>Step: Invoke</b>,
2015-05-13 10:41:26,359 [main] INFO  com.saf.global.Logfile - >        Step--1:under initialize --- firefox,
2015-05-13 10:41:38,989 [main] INFO  com.saf.global.Logfile - >        Step-0:Open Url: <a href="http://www.google.com/" target=_blank>http://www.google.com/</a>,
2015-05-13 10:41:47,634 [main] INFO  com.saf.global.Logfile - firefox Browser has been Initialized
2015-05-13 10:41:47,671 [main] INFO  com.saf.global.Logfile - <b>Step: Test Google Search</b>,
2015-05-13 10:41:47,671 [main] INFO  com.saf.global.Logfile - >        Step-1:Open Url: <a href="http://www.google.com/" target=_blank>http://www.google.com/</a>,
2015-05-13 10:41:51,320 [main] INFO  com.saf.global.Logfile - <b>Step: Search</b>,
2015-05-13 10:41:51,320 [main] INFO  com.saf.global.Logfile - >        Step-2:Type "selenium" in "name=q",
2015-05-13 10:41:51,819 [main] INFO  com.saf.global.Logfile - >        Step-3:Click "name=btnG",
2015-05-13 10:41:54,027 [main] INFO  com.saf.global.Logfile - <b>Step: Verify Search Results</b>,
2015-05-13 10:41:54,027 [main] INFO  com.saf.global.Logfile - >        Step-4:GetText from Element: "//h3/a", Selenium - Web Browser Automation,
2015-05-13 10:41:55,023 [main] INFO  com.saf.global.Logfile - >        Step-5:First Result :Selenium - Web Browser Automation <a href="file:/test//screenshots/Snapshot_201505131041540281firefox.png" target=_blank>Snapshot</a> <a href="file:/test//screenshots/Snapshot_201505131041540281firefox.html" target=_blank>html</a>,
2015-05-13 10:41:55,211 [main] INFO  com.saf.global.Logfile - >        Step-6:Text : "Web Browser Automation" present,
2015-05-13 10:41:56,901 [main] INFO  com.saf.global.Logfile - >        Step-7:Retrying method: verifySearchResults, Retry Attempt:1 <a href="file:/test//screenshots/Snapshot_201505131041562672firefox.png" target=_blank>Snapshot</a> <a href="file:/test//screenshots/Snapshot_201505131041562672firefox.html" target=_blank>html</a>,
2015-05-13 10:41:57,181 [main] INFO  com.saf.global.Logfile - >        Step-8:GetText from Element: "//h3/a", Selenium - Web Browser Automation,
2015-05-13 10:41:57,824 [main] INFO  com.saf.global.Logfile - >        Step-9:First Result :Selenium - Web Browser Automation <a href="file:/test//screenshots/Snapshot_201505131041571843firefox.png" target=_blank>Snapshot</a> <a href="file:/test//screenshots/Snapshot_201505131041571843firefox.html" target=_blank>html</a>,
2015-05-13 10:41:58,031 [main] INFO  com.saf.global.Logfile - >        Step-10:Text : "Web Browser Automation" present,
2015-05-13 10:41:59,712 [main] INFO  com.saf.global.Logfile - >        Step-11:Retrying method: verifySearchResults, Retry Attempt:2 <a href="file:/test//screenshots/Snapshot_201505131041590834firefox.png" target=_blank>Snapshot</a> <a href="file:/test//screenshots/Snapshot_201505131041590834firefox.html" target=_blank>html</a>,
2015-05-13 10:41:59,947 [main] INFO  com.saf.global.Logfile - >        Step-12:GetText from Element: "//h3/a", Selenium - Web Browser Automation,
2015-05-13 10:42:00,596 [main] INFO  com.saf.global.Logfile - >        Step-13:First Result :Selenium - Web Browser Automation <a href="file:/test//screenshots/Snapshot_201505131041599475firefox.png" target=_blank>Snapshot</a> <a href="file:/test//screenshots/Snapshot_201505131041599475firefox.html" target=_blank>html</a>,
2015-05-13 10:42:00,737 [main] INFO  com.saf.global.Logfile - >        Step-14:Text : "Web Browser Automation" present,
2015-05-13 10:42:05,738 [main] INFO  com.saf.global.Logfile - <b>Step: Test Google Search</b>,
2015-05-13 10:42:05,738 [main] INFO  com.saf.global.Logfile - >        Step-15:Pause: 5 secs,
2015-05-13 10:42:05,738 [main] INFO  com.saf.global.Logfile - browserClose
2015-05-13 10:42:06,135 [main] INFO  com.saf.global.Logfile - <b>Step: Invoke</b>,
2015-05-13 10:42:06,135 [main] INFO  com.saf.global.Logfile - >        Step-16:
 Total Execution Time: 0 minutes,
2015-05-13 10:52:45,354 [main] INFO  com.saf.global.Logfile - Log4JExample - leaving the constructor ...<BR>
2015-05-13 10:52:45,525 [pool-1-thread-1] INFO  com.saf.global.Logfile - <b>Step: Invoke</b>,
2015-05-13 10:52:45,525 [pool-1-thread-1] INFO  com.saf.global.Logfile - >        Step--1:under initialize --- firefox,
2015-05-13 10:53:11,326 [pool-1-thread-1] INFO  com.saf.global.Logfile - >        Step-0:Open Url: <a href="http://www.google.com/" target=_blank>http://www.google.com/</a>,
2015-05-13 10:53:22,284 [pool-1-thread-1] INFO  com.saf.global.Logfile - firefox Browser has been Initialized
2015-05-13 10:53:22,285 [pool-1-thread-1] INFO  com.saf.global.Logfile - <b>Step: Test Google Search</b>,
2015-05-13 10:53:22,286 [pool-1-thread-1] INFO  com.saf.global.Logfile - >        Step-1:Open Url: <a href="http://www.google.com/" target=_blank>http://www.google.com/</a>,
2015-05-13 10:53:26,309 [pool-1-thread-1] INFO  com.saf.global.Logfile - <b>Step: Search</b>,
2015-05-13 10:53:26,309 [pool-1-thread-1] INFO  com.saf.global.Logfile - >        Step-2:Type "selenium" in "name=q",
2015-05-13 10:53:26,895 [pool-1-thread-1] INFO  com.saf.global.Logfile - >        Step-3:Click "name=btnG",
2015-05-13 10:53:29,155 [pool-1-thread-1] INFO  com.saf.global.Logfile - <b>Step: Verify Search Results</b>,
2015-05-13 10:53:29,155 [pool-1-thread-1] INFO  com.saf.global.Logfile - >        Step-4:GetText from Element: "//h3/a", Selenium - Web Browser Automation,
2015-05-13 10:53:29,965 [pool-1-thread-1] INFO  com.saf.global.Logfile - >        Step-5:First Result :Selenium - Web Browser Automation <a href="file:/test//screenshots/Snapshot_201505131053291551firefox.png" target=_blank>Snapshot</a> <a href="file:/test//screenshots/Snapshot_201505131053291551firefox.html" target=_blank>html</a>,
2015-05-13 10:53:30,115 [pool-1-thread-1] INFO  com.saf.global.Logfile - >        Step-6:Text : "Web Browser Automation" present,
2015-05-13 10:53:31,839 [pool-1-thread-1] INFO  com.saf.global.Logfile - >        Step-7:Retrying method: verifySearchResults, Retry Attempt:1 <a href="file:/test//screenshots/Snapshot_201505131053311722firefox.png" target=_blank>Snapshot</a> <a href="file:/test//screenshots/Snapshot_201505131053311722firefox.html" target=_blank>html</a>,
2015-05-13 10:53:32,058 [pool-1-thread-1] INFO  com.saf.global.Logfile - >        Step-8:GetText from Element: "//h3/a", Selenium - Web Browser Automation,
2015-05-13 10:53:32,635 [pool-1-thread-1] INFO  com.saf.global.Logfile - >        Step-9:First Result :Selenium - Web Browser Automation <a href="file:/test//screenshots/Snapshot_201505131053320583firefox.png" target=_blank>Snapshot</a> <a href="file:/test//screenshots/Snapshot_201505131053320583firefox.html" target=_blank>html</a>,
2015-05-13 10:53:32,780 [pool-1-thread-1] INFO  com.saf.global.Logfile - >        Step-10:Text : "Web Browser Automation" present,
2015-05-13 10:53:34,632 [pool-1-thread-1] INFO  com.saf.global.Logfile - >        Step-11:Retrying method: verifySearchResults, Retry Attempt:2 <a href="file:/test//screenshots/Snapshot_201505131053338404firefox.png" target=_blank>Snapshot</a> <a href="file:/test//screenshots/Snapshot_201505131053338404firefox.html" target=_blank>html</a>,
2015-05-13 10:53:34,839 [pool-1-thread-1] INFO  com.saf.global.Logfile - >        Step-12:GetText from Element: "//h3/a", Selenium - Web Browser Automation,
2015-05-13 10:53:35,491 [pool-1-thread-1] INFO  com.saf.global.Logfile - >        Step-13:First Result :Selenium - Web Browser Automation <a href="file:/test//screenshots/Snapshot_201505131053348395firefox.png" target=_blank>Snapshot</a> <a href="file:/test//screenshots/Snapshot_201505131053348395firefox.html" target=_blank>html</a>,
2015-05-13 10:53:35,636 [pool-1-thread-1] INFO  com.saf.global.Logfile - >        Step-14:Text : "Web Browser Automation" present,
2015-05-13 10:53:40,636 [pool-1-thread-1] INFO  com.saf.global.Logfile - <b>Step: Test Google Search</b>,
2015-05-13 10:53:40,636 [pool-1-thread-1] INFO  com.saf.global.Logfile - >        Step-15:Pause: 5 secs,
2015-05-13 10:53:40,636 [pool-1-thread-1] INFO  com.saf.global.Logfile - browserClose
2015-05-13 10:53:40,944 [main] INFO  com.saf.global.Logfile - <b>Step: Invoke</b>,
2015-05-13 10:53:40,944 [main] INFO  com.saf.global.Logfile - >        Step-1:
 Total Execution Time: 0 minutes,
2015-05-13 12:10:31,403 [main] INFO  com.saf.global.Logfile - Log4JExample - leaving the constructor ...<BR>
2015-05-13 12:10:31,607 [main] INFO  com.saf.global.Logfile - <b>Step: Invoke</b>,
2015-05-13 12:10:31,607 [main] INFO  com.saf.global.Logfile - >        Step--1:under initialize --- firefox,
2015-05-13 12:10:38,222 [main] INFO  com.saf.global.Logfile - browserClose
2015-05-13 12:10:38,254 [main] INFO  com.saf.global.Logfile - >        Step-0:
 Total Execution Time: 0 minutes,
2015-05-13 12:12:24,410 [main] INFO  com.saf.global.Logfile - Log4JExample - leaving the constructor ...<BR>
2015-05-13 12:12:24,598 [main] INFO  com.saf.global.Logfile - <b>Step: Invoke</b>,
2015-05-13 12:12:24,598 [main] INFO  com.saf.global.Logfile - >        Step--1:under initialize --- firefox,
2015-05-13 12:12:51,552 [main] INFO  com.saf.global.Logfile - >        Step-0:Open Url: <a href="http://www.google.com/" target=_blank>http://www.google.com/</a>,
2015-05-13 12:13:02,875 [main] INFO  com.saf.global.Logfile - firefox Browser has been Initialized
2015-05-13 12:13:02,875 [main] INFO  com.saf.global.Logfile - <b>Step: Test Google Search</b>,
2015-05-13 12:13:02,875 [main] INFO  com.saf.global.Logfile - >        Step-1:Open Url: <a href="http://www.google.com/" target=_blank>http://www.google.com/</a>,
2015-05-13 12:13:06,810 [main] INFO  com.saf.global.Logfile - <b>Step: Search</b>,
2015-05-13 12:13:06,810 [main] INFO  com.saf.global.Logfile - >        Step-2:Type "selenium" in "name=q",
2015-05-13 12:13:07,393 [main] INFO  com.saf.global.Logfile - >        Step-3:Click "name=btnG",
2015-05-13 12:13:09,623 [main] INFO  com.saf.global.Logfile - <b>Step: Verify Search Results</b>,
2015-05-13 12:13:09,623 [main] INFO  com.saf.global.Logfile - >        Step-4:GetText from Element: "//h3/a", Selenium - Web Browser Automation,
2015-05-13 12:13:11,174 [main] INFO  com.saf.global.Logfile - >        Step-5:First Result :Selenium - Web Browser Automation <a href="file:/test//screenshots/Snapshot_201505131213096231firefox.png" target=_blank>Snapshot</a> <a href="file:/test//screenshots/Snapshot_201505131213096231firefox.html" target=_blank>html</a>,
2015-05-13 12:13:11,362 [main] INFO  com.saf.global.Logfile - >        Step-6:Text : "Web Browser Automation" present,
2015-05-13 12:13:13,031 [main] INFO  com.saf.global.Logfile - >        Step-7:Retrying method: verifySearchResults, Retry Attempt:1 <a href="file:/test//screenshots/Snapshot_201505131213124232firefox.png" target=_blank>Snapshot</a> <a href="file:/test//screenshots/Snapshot_201505131213124232firefox.html" target=_blank>html</a>,
2015-05-13 12:13:13,266 [main] INFO  com.saf.global.Logfile - >        Step-8:GetText from Element: "//h3/a", Selenium - Web Browser Automation,
2015-05-13 12:13:13,880 [main] INFO  com.saf.global.Logfile - >        Step-9:First Result :Selenium - Web Browser Automation <a href="file:/test//screenshots/Snapshot_201505131213132663firefox.png" target=_blank>Snapshot</a> <a href="file:/test//screenshots/Snapshot_201505131213132663firefox.html" target=_blank>html</a>,
2015-05-13 12:13:14,036 [main] INFO  com.saf.global.Logfile - >        Step-10:Text : "Web Browser Automation" present,
2015-05-13 12:13:15,707 [main] INFO  com.saf.global.Logfile - >        Step-11:Retrying method: verifySearchResults, Retry Attempt:2 <a href="file:/test//screenshots/Snapshot_201505131213150984firefox.png" target=_blank>Snapshot</a> <a href="file:/test//screenshots/Snapshot_201505131213150984firefox.html" target=_blank>html</a>,
2015-05-13 12:13:15,957 [main] INFO  com.saf.global.Logfile - >        Step-12:GetText from Element: "//h3/a", Selenium - Web Browser Automation,
2015-05-13 12:13:16,552 [main] INFO  com.saf.global.Logfile - >        Step-13:First Result :Selenium - Web Browser Automation <a href="file:/test//screenshots/Snapshot_201505131213159575firefox.png" target=_blank>Snapshot</a> <a href="file:/test//screenshots/Snapshot_201505131213159575firefox.html" target=_blank>html</a>,
2015-05-13 12:13:16,739 [main] INFO  com.saf.global.Logfile - >        Step-14:Text : "Web Browser Automation" present,
2015-05-13 12:13:21,754 [main] INFO  com.saf.global.Logfile - <b>Step: Test Google Search</b>,
2015-05-13 12:13:21,754 [main] INFO  com.saf.global.Logfile - >        Step-15:Pause: 5 secs,
2015-05-13 12:13:21,754 [main] INFO  com.saf.global.Logfile - browserClose
2015-05-13 12:13:22,286 [main] INFO  com.saf.global.Logfile - <b>Step: Invoke</b>,
2015-05-13 12:13:22,286 [main] INFO  com.saf.global.Logfile - >        Step-16:
 Total Execution Time: 0 minutes,
2015-05-13 12:28:24,511 [main] INFO  com.saf.global.Logfile - Log4JExample - leaving the constructor ...<BR>
2015-05-13 12:28:24,677 [pool-1-thread-1] INFO  com.saf.global.Logfile - <b>Step: Invoke</b>,
2015-05-13 12:28:24,677 [pool-1-thread-1] INFO  com.saf.global.Logfile - >        Step--1:under initialize --- firefox,
2015-05-13 12:28:47,336 [pool-1-thread-1] INFO  com.saf.global.Logfile - >        Step-0:Open Url: <a href="http://www.google.com/" target=_blank>http://www.google.com/</a>,
2015-05-13 12:28:51,952 [pool-1-thread-1] INFO  com.saf.global.Logfile - firefox Browser has been Initialized
2015-05-13 12:28:51,991 [pool-1-thread-1] INFO  com.saf.global.Logfile - <b>Step: Test Google Search</b>,
2015-05-13 12:28:51,991 [pool-1-thread-1] INFO  com.saf.global.Logfile - >        Step-1:Open Url: <a href="http://www.google.com/" target=_blank>http://www.google.com/</a>,
2015-05-13 12:28:54,932 [pool-1-thread-1] INFO  com.saf.global.Logfile - <b>Step: Search</b>,
2015-05-13 12:28:54,932 [pool-1-thread-1] INFO  com.saf.global.Logfile - >        Step-2:Type "selenium" in "name=q",
2015-05-13 12:28:55,311 [pool-1-thread-1] INFO  com.saf.global.Logfile - >        Step-3:Click "name=btnG",
2015-05-13 12:28:57,503 [pool-1-thread-1] INFO  com.saf.global.Logfile - <b>Step: Verify Search Results</b>,
2015-05-13 12:28:57,503 [pool-1-thread-1] INFO  com.saf.global.Logfile - >        Step-4:GetText from Element: "//h3/a", Selenium - Web Browser Automation,
2015-05-13 12:28:58,259 [pool-1-thread-1] INFO  com.saf.global.Logfile - >        Step-5:First Result :Selenium - Web Browser Automation <a href="file:/test//screenshots/Snapshot_201505131228575031firefox.png" target=_blank>Snapshot</a> <a href="file:/test//screenshots/Snapshot_201505131228575031firefox.html" target=_blank>html</a>,
2015-05-13 12:28:58,379 [pool-1-thread-1] INFO  com.saf.global.Logfile - >        Step-6:Text : "Web Browser Automation" present,
2015-05-13 12:29:00,096 [pool-1-thread-1] INFO  com.saf.global.Logfile - >        Step-7:Retrying method: verifySearchResults, Retry Attempt:1 <a href="file:/test//screenshots/Snapshot_201505131228594432firefox.png" target=_blank>Snapshot</a> <a href="file:/test//screenshots/Snapshot_201505131228594432firefox.html" target=_blank>html</a>,
2015-05-13 12:29:00,301 [pool-1-thread-1] INFO  com.saf.global.Logfile - >        Step-8:GetText from Element: "//h3/a", Selenium - Web Browser Automation,
2015-05-13 12:29:00,935 [pool-1-thread-1] INFO  com.saf.global.Logfile - >        Step-9:First Result :Selenium - Web Browser Automation <a href="file:/test//screenshots/Snapshot_201505131229003013firefox.png" target=_blank>Snapshot</a> <a href="file:/test//screenshots/Snapshot_201505131229003013firefox.html" target=_blank>html</a>,
2015-05-13 12:29:01,075 [pool-1-thread-1] INFO  com.saf.global.Logfile - >        Step-10:Text : "Web Browser Automation" present,
2015-05-13 12:29:02,749 [pool-1-thread-1] INFO  com.saf.global.Logfile - >        Step-11:Retrying method: verifySearchResults, Retry Attempt:2 <a href="file:/test//screenshots/Snapshot_201505131229021304firefox.png" target=_blank>Snapshot</a> <a href="file:/test//screenshots/Snapshot_201505131229021304firefox.html" target=_blank>html</a>,
2015-05-13 12:29:02,970 [pool-1-thread-1] INFO  com.saf.global.Logfile - >        Step-12:GetText from Element: "//h3/a", Selenium - Web Browser Automation,
2015-05-13 12:29:03,590 [pool-1-thread-1] INFO  com.saf.global.Logfile - >        Step-13:First Result :Selenium - Web Browser Automation <a href="file:/test//screenshots/Snapshot_201505131229029705firefox.png" target=_blank>Snapshot</a> <a href="file:/test//screenshots/Snapshot_201505131229029705firefox.html" target=_blank>html</a>,
2015-05-13 12:29:03,746 [pool-1-thread-1] INFO  com.saf.global.Logfile - >        Step-14:Text : "Web Browser Automation" present,
2015-05-13 12:29:08,754 [pool-1-thread-1] INFO  com.saf.global.Logfile - <b>Step: Test Google Search</b>,
2015-05-13 12:29:08,754 [pool-1-thread-1] INFO  com.saf.global.Logfile - >        Step-15:Pause: 5 secs,
2015-05-13 12:29:08,754 [pool-1-thread-1] INFO  com.saf.global.Logfile - browserClose
2015-05-13 12:29:08,995 [main] INFO  com.saf.global.Logfile - <b>Step: Invoke</b>,
2015-05-13 12:29:08,995 [main] INFO  com.saf.global.Logfile - >        Step-1:
 Total Execution Time: 0 minutes,
2015-05-13 12:46:44,080 [main] INFO  com.saf.global.Logfile - Log4JExample - leaving the constructor ...<BR>
2015-05-13 12:46:44,205 [pool-1-thread-1] INFO  com.saf.global.Logfile - <b>Step: Invoke</b>,
2015-05-13 12:46:44,205 [pool-1-thread-1] INFO  com.saf.global.Logfile - >        Step--1:under initialize --- firefox,
2015-05-13 12:47:08,386 [pool-1-thread-1] INFO  com.saf.global.Logfile - >        Step-0:Open Url: <a href="http://www.google.com/" target=_blank>http://www.google.com/</a>,
2015-05-13 12:47:19,096 [pool-1-thread-1] INFO  com.saf.global.Logfile - firefox Browser has been Initialized
2015-05-13 12:47:19,096 [pool-1-thread-1] INFO  com.saf.global.Logfile - <b>Step: Test Google Search</b>,
2015-05-13 12:47:19,096 [pool-1-thread-1] INFO  com.saf.global.Logfile - >        Step-1:Open Url: <a href="http://www.google.com/" target=_blank>http://www.google.com/</a>,
2015-05-13 12:47:23,311 [pool-1-thread-1] INFO  com.saf.global.Logfile - <b>Step: Search</b>,
2015-05-13 12:47:23,311 [pool-1-thread-1] INFO  com.saf.global.Logfile - >        Step-2:Type "selenium" in "name=q",
2015-05-13 12:47:23,841 [pool-1-thread-1] INFO  com.saf.global.Logfile - >        Step-3:Click "name=btnG",
2015-05-13 12:47:26,070 [pool-1-thread-1] INFO  com.saf.global.Logfile - <b>Step: Verify Search Results</b>,
2015-05-13 12:47:26,070 [pool-1-thread-1] INFO  com.saf.global.Logfile - >        Step-4:GetText from Element: "//h3/a", Selenium - Web Browser Automation,
2015-05-13 12:47:26,837 [pool-1-thread-1] INFO  com.saf.global.Logfile - >        Step-5:First Result :Selenium - Web Browser Automation <a href="file:/test//screenshots/Snapshot_201505131247260701firefox.png" target=_blank>Snapshot</a> <a href="file:/test//screenshots/Snapshot_201505131247260701firefox.html" target=_blank>html</a>,
2015-05-13 12:47:27,040 [pool-1-thread-1] INFO  com.saf.global.Logfile - >        Step-6:Text : "Web Browser Automation" present,
2015-05-13 12:47:28,722 [pool-1-thread-1] INFO  com.saf.global.Logfile - >        Step-7:Retrying method: verifySearchResults, Retry Attempt:1 <a href="file:/test//screenshots/Snapshot_201505131247281162firefox.png" target=_blank>Snapshot</a> <a href="file:/test//screenshots/Snapshot_201505131247281162firefox.html" target=_blank>html</a>,
2015-05-13 12:47:28,941 [pool-1-thread-1] INFO  com.saf.global.Logfile - >        Step-8:GetText from Element: "//h3/a", Selenium - Web Browser Automation,
2015-05-13 12:47:29,533 [pool-1-thread-1] INFO  com.saf.global.Logfile - >        Step-9:First Result :Selenium - Web Browser Automation <a href="file:/test//screenshots/Snapshot_201505131247289413firefox.png" target=_blank>Snapshot</a> <a href="file:/test//screenshots/Snapshot_201505131247289413firefox.html" target=_blank>html</a>,
2015-05-13 12:47:29,689 [pool-1-thread-1] INFO  com.saf.global.Logfile - >        Step-10:Text : "Web Browser Automation" present,
2015-05-13 12:47:31,505 [pool-1-thread-1] INFO  com.saf.global.Logfile - >        Step-11:Retrying method: verifySearchResults, Retry Attempt:2 <a href="file:/test//screenshots/Snapshot_201505131247307404firefox.png" target=_blank>Snapshot</a> <a href="file:/test//screenshots/Snapshot_201505131247307404firefox.html" target=_blank>html</a>,
2015-05-13 12:47:31,742 [pool-1-thread-1] INFO  com.saf.global.Logfile - >        Step-12:GetText from Element: "//h3/a", Selenium - Web Browser Automation,
2015-05-13 12:47:32,698 [pool-1-thread-1] INFO  com.saf.global.Logfile - >        Step-13:First Result :Selenium - Web Browser Automation <a href="file:/test//screenshots/Snapshot_201505131247317425firefox.png" target=_blank>Snapshot</a> <a href="file:/test//screenshots/Snapshot_201505131247317425firefox.html" target=_blank>html</a>,
2015-05-13 12:47:32,838 [pool-1-thread-1] INFO  com.saf.global.Logfile - >        Step-14:Text : "Web Browser Automation" present,
2015-05-13 12:47:37,814 [pool-1-thread-1] INFO  com.saf.global.Logfile - <b>Step: Test Google Search</b>,
2015-05-13 12:47:37,815 [pool-1-thread-1] INFO  com.saf.global.Logfile - >        Step-15:Pause: 5 secs,
2015-05-13 12:47:37,819 [pool-1-thread-1] INFO  com.saf.global.Logfile - browserClose
2015-05-13 12:47:38,192 [main] INFO  com.saf.global.Logfile - <b>Step: Invoke</b>,
2015-05-13 12:47:38,198 [main] INFO  com.saf.global.Logfile - >        Step-1:
 Total Execution Time: 0 minutes,
2015-05-13 12:55:35,623 [main] INFO  com.saf.global.Logfile - Log4JExample - leaving the constructor ...<BR>
2015-05-13 12:55:35,728 [pool-1-thread-1] INFO  com.saf.global.Logfile - <b>Step: Invoke</b>,
2015-05-13 12:55:35,728 [pool-1-thread-1] INFO  com.saf.global.Logfile - >        Step--1:under initialize --- firefox,
2015-05-13 12:55:56,463 [pool-1-thread-1] INFO  com.saf.global.Logfile - >        Step-0:Open Url: <a href="http://www.google.com/" target=_blank>http://www.google.com/</a>,
2015-05-13 12:56:06,028 [pool-1-thread-1] INFO  com.saf.global.Logfile - firefox Browser has been Initialized
2015-05-13 12:56:06,030 [pool-1-thread-1] INFO  com.saf.global.Logfile - <b>Step: Test Google Search</b>,
2015-05-13 12:56:06,030 [pool-1-thread-1] INFO  com.saf.global.Logfile - >        Step-1:Open Url: <a href="http://www.google.com/" target=_blank>http://www.google.com/</a>,
2015-05-13 12:56:09,961 [pool-1-thread-1] INFO  com.saf.global.Logfile - <b>Step: Search</b>,
2015-05-13 12:56:09,961 [pool-1-thread-1] INFO  com.saf.global.Logfile - >        Step-2:Type "selenium" in "name=q",
2015-05-13 12:56:10,409 [pool-1-thread-1] INFO  com.saf.global.Logfile - >        Step-3:Click "name=btnG",
2015-05-13 12:56:12,639 [pool-1-thread-1] INFO  com.saf.global.Logfile - <b>Step: Verify Search Results</b>,
2015-05-13 12:56:12,639 [pool-1-thread-1] INFO  com.saf.global.Logfile - >        Step-4:GetText from Element: "//h3/a", Selenium - Web Browser Automation,
2015-05-13 12:56:13,386 [pool-1-thread-1] INFO  com.saf.global.Logfile - >        Step-5:First Result :Selenium - Web Browser Automation <a href="file:/test//screenshots/Snapshot_201505131256126391firefox.png" target=_blank>Snapshot</a> <a href="file:/test//screenshots/Snapshot_201505131256126391firefox.html" target=_blank>html</a>,
2015-05-13 12:56:13,534 [pool-1-thread-1] INFO  com.saf.global.Logfile - >        Step-6:Text : "Web Browser Automation" present,
2015-05-13 12:56:15,221 [pool-1-thread-1] INFO  com.saf.global.Logfile - >        Step-7:Retrying method: verifySearchResults, Retry Attempt:1 <a href="file:/test//screenshots/Snapshot_201505131256145522firefox.png" target=_blank>Snapshot</a> <a href="file:/test//screenshots/Snapshot_201505131256145522firefox.html" target=_blank>html</a>,
2015-05-13 12:56:15,423 [pool-1-thread-1] INFO  com.saf.global.Logfile - >        Step-8:GetText from Element: "//h3/a", Selenium - Web Browser Automation,
2015-05-13 12:56:15,994 [pool-1-thread-1] INFO  com.saf.global.Logfile - >        Step-9:First Result :Selenium - Web Browser Automation <a href="file:/test//screenshots/Snapshot_201505131256154233firefox.png" target=_blank>Snapshot</a> <a href="file:/test//screenshots/Snapshot_201505131256154233firefox.html" target=_blank>html</a>,
2015-05-13 12:56:16,174 [pool-1-thread-1] INFO  com.saf.global.Logfile - >        Step-10:Text : "Web Browser Automation" present,
2015-05-13 12:56:17,808 [pool-1-thread-1] INFO  com.saf.global.Logfile - >        Step-11:Retrying method: verifySearchResults, Retry Attempt:2 <a href="file:/test//screenshots/Snapshot_201505131256172294firefox.png" target=_blank>Snapshot</a> <a href="file:/test//screenshots/Snapshot_201505131256172294firefox.html" target=_blank>html</a>,
2015-05-13 12:56:18,006 [pool-1-thread-1] INFO  com.saf.global.Logfile - >        Step-12:GetText from Element: "//h3/a", Selenium - Web Browser Automation,
2015-05-13 12:56:18,642 [pool-1-thread-1] INFO  com.saf.global.Logfile - >        Step-13:First Result :Selenium - Web Browser Automation <a href="file:/test//screenshots/Snapshot_201505131256180065firefox.png" target=_blank>Snapshot</a> <a href="file:/test//screenshots/Snapshot_201505131256180065firefox.html" target=_blank>html</a>,
2015-05-13 12:56:18,771 [pool-1-thread-1] INFO  com.saf.global.Logfile - >        Step-14:Text : "Web Browser Automation" present,
2015-05-13 12:56:23,804 [pool-1-thread-1] INFO  com.saf.global.Logfile - <b>Step: Test Google Search</b>,
2015-05-13 12:56:23,804 [pool-1-thread-1] INFO  com.saf.global.Logfile - >        Step-15:Pause: 5 secs,
2015-05-13 12:56:23,804 [pool-1-thread-1] INFO  com.saf.global.Logfile - browserClose
2015-05-13 12:56:24,460 [main] INFO  com.saf.global.Logfile - <b>Step: Invoke</b>,
2015-05-13 12:56:24,460 [main] INFO  com.saf.global.Logfile - >        Step-1:
 Total Execution Time: 0 minutes,
2015-05-13 12:58:36,653 [main] INFO  com.saf.global.Logfile - Log4JExample - leaving the constructor ...<BR>
2015-05-13 12:58:36,744 [pool-1-thread-1] INFO  com.saf.global.Logfile - <b>Step: Invoke</b>,
2015-05-13 12:58:36,744 [pool-1-thread-1] INFO  com.saf.global.Logfile - >        Step--1:under initialize --- firefox,
2015-05-13 12:58:58,580 [pool-1-thread-1] INFO  com.saf.global.Logfile - >        Step-0:Open Url: <a href="http://www.google.com/" target=_blank>http://www.google.com/</a>,
2015-05-13 12:59:07,376 [pool-1-thread-1] INFO  com.saf.global.Logfile - firefox Browser has been Initialized
2015-05-13 12:59:07,376 [pool-1-thread-1] INFO  com.saf.global.Logfile - <b>Step: Test Google Search</b>,
2015-05-13 12:59:07,376 [pool-1-thread-1] INFO  com.saf.global.Logfile - >        Step-1:Open Url: <a href="http://www.google.com/" target=_blank>http://www.google.com/</a>,
2015-05-13 12:59:11,365 [pool-1-thread-1] INFO  com.saf.global.Logfile - <b>Step: Search</b>,
2015-05-13 12:59:11,365 [pool-1-thread-1] INFO  com.saf.global.Logfile - >        Step-2:Type "selenium" in "name=q",
2015-05-13 12:59:11,755 [pool-1-thread-1] INFO  com.saf.global.Logfile - >        Step-3:Click "name=btnG",
2015-05-13 12:59:13,960 [pool-1-thread-1] INFO  com.saf.global.Logfile - <b>Step: Verify Search Results</b>,
2015-05-13 12:59:13,960 [pool-1-thread-1] INFO  com.saf.global.Logfile - >        Step-4:GetText from Element: "//h3/a", Selenium - Web Browser Automation,
2015-05-13 12:59:14,646 [pool-1-thread-1] INFO  com.saf.global.Logfile - >        Step-5:First Result :Selenium - Web Browser Automation <a href="file:/test//screenshots/Snapshot_201505131259139601firefox.png" target=_blank>Snapshot</a> <a href="file:/test//screenshots/Snapshot_201505131259139601firefox.html" target=_blank>html</a>,
2015-05-13 12:59:14,802 [pool-1-thread-1] INFO  com.saf.global.Logfile - >        Step-6:Text : "Web Browser Automation" present,
2015-05-13 12:59:16,461 [pool-1-thread-1] INFO  com.saf.global.Logfile - >        Step-7:Retrying method: verifySearchResults, Retry Attempt:1 <a href="file:/test//screenshots/Snapshot_201505131259158492firefox.png" target=_blank>Snapshot</a> <a href="file:/test//screenshots/Snapshot_201505131259158492firefox.html" target=_blank>html</a>,
2015-05-13 12:59:16,681 [pool-1-thread-1] INFO  com.saf.global.Logfile - >        Step-8:GetText from Element: "//h3/a", Selenium - Web Browser Automation,
2015-05-13 12:59:17,257 [pool-1-thread-1] INFO  com.saf.global.Logfile - >        Step-9:First Result :Selenium - Web Browser Automation <a href="file:/test//screenshots/Snapshot_201505131259166813firefox.png" target=_blank>Snapshot</a> <a href="file:/test//screenshots/Snapshot_201505131259166813firefox.html" target=_blank>html</a>,
2015-05-13 12:59:17,413 [pool-1-thread-1] INFO  com.saf.global.Logfile - >        Step-10:Text : "Web Browser Automation" present,
2015-05-13 12:59:19,097 [pool-1-thread-1] INFO  com.saf.global.Logfile - >        Step-11:Retrying method: verifySearchResults, Retry Attempt:2 <a href="file:/test//screenshots/Snapshot_201505131259184734firefox.png" target=_blank>Snapshot</a> <a href="file:/test//screenshots/Snapshot_201505131259184734firefox.html" target=_blank>html</a>,
2015-05-13 12:59:19,300 [pool-1-thread-1] INFO  com.saf.global.Logfile - >        Step-12:GetText from Element: "//h3/a", Selenium - Web Browser Automation,
2015-05-13 12:59:19,931 [pool-1-thread-1] INFO  com.saf.global.Logfile - >        Step-13:First Result :Selenium - Web Browser Automation <a href="file:/test//screenshots/Snapshot_201505131259193005firefox.png" target=_blank>Snapshot</a> <a href="file:/test//screenshots/Snapshot_201505131259193005firefox.html" target=_blank>html</a>,
2015-05-13 12:59:20,071 [pool-1-thread-1] INFO  com.saf.global.Logfile - >        Step-14:Text : "Web Browser Automation" present,
2015-05-13 12:59:25,043 [pool-1-thread-1] INFO  com.saf.global.Logfile - <b>Step: Test Google Search</b>,
2015-05-13 12:59:25,043 [pool-1-thread-1] INFO  com.saf.global.Logfile - >        Step-15:Pause: 5 secs,
2015-05-13 12:59:25,052 [pool-1-thread-1] INFO  com.saf.global.Logfile - browserClose
2015-05-13 12:59:25,715 [main] INFO  com.saf.global.Logfile - <b>Step: Invoke</b>,
2015-05-13 12:59:25,715 [main] INFO  com.saf.global.Logfile - >        Step-1:
 Total Execution Time: 0 minutes,
2015-05-13 16:01:07,173 [main] INFO  com.saf.global.Logfile - Log4JExample - leaving the constructor ...<BR>
2015-05-13 16:01:07,387 [main] INFO  com.saf.global.Logfile - <b>Step: Invoke</b>,
2015-05-13 16:01:07,389 [main] INFO  com.saf.global.Logfile - >        Step--1:under initialize --- firefox,
2015-05-13 16:01:20,978 [main] INFO  com.saf.global.Logfile - >        Step-0:Open Url: <a href="http://www.google.com/" target=_blank>http://www.google.com/</a>,
2015-05-13 16:01:30,949 [main] INFO  com.saf.global.Logfile - firefox Browser has been Initialized
2015-05-13 16:01:30,949 [main] INFO  com.saf.global.Logfile - <b>Step: Test Gmail</b>,
2015-05-13 16:01:30,949 [main] INFO  com.saf.global.Logfile - >        Step-1:Open Url: <a href="http://www.google.com/" target=_blank>http://www.google.com/</a>,
2015-05-13 16:01:33,487 [main] INFO  com.saf.global.Logfile - <b>Step: Click Gamil</b>,
2015-05-13 16:01:33,487 [main] INFO  com.saf.global.Logfile - >        Step-2:Click "link=Gmail",
2015-05-13 16:01:35,501 [main] INFO  com.saf.global.Logfile - browserClose
2015-05-13 16:01:35,836 [main] INFO  com.saf.global.Logfile - <b>Step: Invoke</b>,
2015-05-13 16:01:35,836 [main] INFO  com.saf.global.Logfile - >        Step-3:
 Total Execution Time: 0 minutes,
2015-05-13 16:06:08,754 [main] INFO  com.saf.global.Logfile - Log4JExample - leaving the constructor ...<BR>
2015-05-13 16:06:08,906 [main] INFO  com.saf.global.Logfile - <b>Step: Invoke</b>,
2015-05-13 16:06:08,906 [main] INFO  com.saf.global.Logfile - >        Step--1:under initialize --- firefox,
2015-05-13 16:06:22,550 [main] INFO  com.saf.global.Logfile - >        Step-0:Open Url: <a href="http://www.google.com/" target=_blank>http://www.google.com/</a>,
2015-05-13 16:06:30,349 [main] INFO  com.saf.global.Logfile - firefox Browser has been Initialized
2015-05-13 16:06:30,349 [main] INFO  com.saf.global.Logfile - <b>Step: Test Gmail</b>,
2015-05-13 16:06:30,349 [main] INFO  com.saf.global.Logfile - >        Step-1:Open Url: <a href="http://www.google.com/" target=_blank>http://www.google.com/</a>,
2015-05-13 16:06:32,873 [main] INFO  com.saf.global.Logfile - <b>Step: Click Gamil</b>,
2015-05-13 16:06:32,873 [main] INFO  com.saf.global.Logfile - >        Step-2:Click "link=Gmail",
2015-05-13 16:06:38,493 [main] INFO  com.saf.global.Logfile - >        Step-3:Text : "Sign in to continue to Gmail" present,
2015-05-13 16:06:38,496 [main] INFO  com.saf.global.Logfile - browserClose
2015-05-13 16:06:38,800 [main] INFO  com.saf.global.Logfile - <b>Step: Invoke</b>,
2015-05-13 16:06:38,800 [main] INFO  com.saf.global.Logfile - >        Step-4:
 Total Execution Time: 0 minutes,
